<?xml version="1.0" encoding="UTF-8"?>
<testng-results ignored="0" total="1" passed="1" failed="0" skipped="0">
  <reporter-output>
  </reporter-output>
  <suite started-at="2022-05-20T17:37:05 IST" name="Default suite" finished-at="2022-05-20T17:38:14 IST" duration-ms="68920">
    <groups>
    </groups>
    <test started-at="2022-05-20T17:37:05 IST" name="Default test" finished-at="2022-05-20T17:38:14 IST" duration-ms="68920">
      <class name="lastDay.salesTestNg">
        <test-method signature="test()[pri:0, instance:lastDay.salesTestNg@291ae]" started-at="2022-05-20T17:37:05 IST" name="test" finished-at="2022-05-20T17:38:14 IST" duration-ms="68892" status="PASS">
          <reporter-output>
          </reporter-output>
        </test-method> <!-- test -->
      </class> <!-- lastDay.salesTestNg -->
    </test> <!-- Default test -->
  </suite> <!-- Default suite -->
</testng-results>
